{"C:\\Users\\JVPhase\\projects\\trui\\src\\components\\Button\\Button.tsx": {"path":"C:\\Users\\JVPhase\\projects\\trui\\src\\components\\Button\\Button.tsx","statementMap":{"0":{"start":{"line":1,"column":0},"end":{"line":1,"column":26}},"1":{"start":{"line":4,"column":0},"end":{"line":4,"column":23}},"2":{"start":{"line":6,"column":53},"end":{"line":21,"column":1}},"3":{"start":{"line":7,"column":34},"end":{"line":7,"column":40}},"4":{"start":{"line":8,"column":2},"end":{"line":20,"column":4}},"5":{"start":{"line":23,"column":0},"end":{"line":23,"column":22}}},"fnMap":{"0":{"name":"(anonymous_1)","decl":{"start":{"line":6,"column":53},"end":{"line":6,"column":54}},"loc":{"start":{"line":6,"column":72},"end":{"line":21,"column":1}}}},"branchMap":{"0":{"loc":{"start":{"line":14,"column":24},"end":{"line":14,"column":28}},"type":"binary-expr","locations":[{"start":{"line":14,"column":24},"end":{"line":14,"column":28}},{"start":{"line":14,"column":32},"end":{"line":14,"column":40}}]},"1":{"loc":{"start":{"line":15,"column":34},"end":{"line":15,"column":43}},"type":"cond-expr","locations":[{"start":{"line":15,"column":34},"end":{"line":15,"column":43}},{"start":{"line":15,"column":46},"end":{"line":15,"column":57}}]},"2":{"loc":{"start":{"line":18,"column":10},"end":{"line":18,"column":14}},"type":"binary-expr","locations":[{"start":{"line":18,"column":10},"end":{"line":18,"column":14}},{"start":{"line":18,"column":18},"end":{"line":18,"column":26}}]}},"s":{"0":1,"1":1,"2":1,"3":9,"4":3,"5":1},"f":{"0":3},"b":{"0":[3,1],"1":[1,2],"2":[3,1]}}
,"C:\\Users\\JVPhase\\projects\\trui\\src\\components\\Card\\Card.tsx": {"path":"C:\\Users\\JVPhase\\projects\\trui\\src\\components\\Card\\Card.tsx","statementMap":{"0":{"start":{"line":1,"column":0},"end":{"line":1,"column":26}},"1":{"start":{"line":2,"column":0},"end":{"line":2,"column":21}},"2":{"start":{"line":4,"column":38},"end":{"line":15,"column":1}},"3":{"start":{"line":4,"column":49},"end":{"line":4,"column":51}},"4":{"start":{"line":5,"column":2},"end":{"line":14,"column":4}},"5":{"start":{"line":17,"column":0},"end":{"line":17,"column":20}}},"fnMap":{"0":{"name":"(anonymous_1)","decl":{"start":{"line":4,"column":38},"end":{"line":4,"column":39}},"loc":{"start":{"line":4,"column":51},"end":{"line":15,"column":1}}}},"branchMap":{},"s":{"0":1,"1":1,"2":1,"3":1,"4":1,"5":1},"f":{"0":1},"b":{}}
}
